<?xml version="1.0" encoding="UTF-8"?>
<testsuite xmlns:xsi="http://www.w3.org/2001/XMLSchema-instance" xsi:noNamespaceSchemaLocation="https://maven.apache.org/surefire/maven-surefire-plugin/xsd/surefire-test-report-3.0.xsd" version="3.0" name="com.escrow.repository.RepositoryIntegrationTest" time="0.504" tests="4" errors="0" skipped="0" failures="0">
  <properties>
[...]
</properties>
  <testcase name="findByBuyerOrSellerOrArbitrator_returnsCorrectSubset" classname="com.escrow.repository.RepositoryIntegrationTest" time="0.023">
    <system-out><![CDATA[2026-08-17T22:31:19.441+02:00  INFO 18396 --- [           main] t.c.s.AnnotationConfigContextLoaderUtils : Could not detect default configuration classes for test class [com.escrow.repository.RepositoryIntegrationTest]: RepositoryIntegrationTest does not declare any static, non-private, non-final, nested classes annotated with @Configuration.
2026-08-17T22:31:19.458+02:00  INFO 18396 --- [           main] .b.t.c.SpringBootTestContextBootstrapper : Found @SpringBootConfiguration com.escrow.EscrowApplication for test class com.escrow.repository.RepositoryIntegrationTest

  .   ____          _            __ _ _
 /\\ / ___'_ __ _ _(_)_ __  __ _ \ \ \ \
( ( )\___ | '_ | '_| | '_ \/ _` | \ \ \ \
 \\/  ___)| |_)| | | | | || (_| |  ) ) ) )
  '  |____| .__|_| |_|_| |_\__, | / / / /
 =========|_|==============|___/=/_/_/_/
 :: Spring Boot ::                (v3.2.5)

2026-08-17T22:31:19.494+02:00  INFO 18396 --- [           main] c.e.r.RepositoryIntegrationTest          : Starting RepositoryIntegrationTest using Java 21.0.6 with PID 18396 (started by mojalefa.motloung in C:\Users\mojalefa.motloung\Documents\Repo\java-escrow-system)
2026-08-17T22:31:19.494+02:00  INFO 18396 --- [           main] c.e.r.RepositoryIntegrationTest          : The following 1 profile is active: "test"
2026-08-17T22:31:19.597+02:00  INFO 18396 --- [           main] .s.d.r.c.RepositoryConfigurationDelegate : Bootstrapping Spring Data JPA repositories in DEFAULT mode.
2026-08-17T22:31:19.615+02:00  INFO 18396 --- [           main] .s.d.r.c.RepositoryConfigurationDelegate : Finished Spring Data repository scanning in 18 ms. Found 4 JPA repository interfaces.
2026-08-17T22:31:19.640+02:00  INFO 18396 --- [           main] beddedDataSourceBeanFactoryPostProcessor : Replacing 'dataSource' DataSource bean with embedded version
2026-08-17T22:31:19.682+02:00  INFO 18396 --- [           main] o.s.j.d.e.EmbeddedDatabaseFactory        : Starting embedded database: url='jdbc:h2:mem:f460f7b0-4034-4743-962f-553f04458142;DB_CLOSE_DELAY=-1;DB_CLOSE_ON_EXIT=false', username='sa'
2026-08-17T22:31:19.705+02:00  INFO 18396 --- [           main] o.hibernate.jpa.internal.util.LogHelper  : HHH000204: Processing PersistenceUnitInfo [name: default]
2026-08-17T22:31:19.707+02:00  INFO 18396 --- [           main] o.h.c.internal.RegionFactoryInitiator    : HHH000026: Second-level cache disabled
2026-08-17T22:31:19.712+02:00  INFO 18396 --- [           main] o.s.o.j.p.SpringPersistenceUnitInfo      : No LoadTimeWeaver setup: ignoring JPA class transformer
2026-08-17T22:31:19.712+02:00  WARN 18396 --- [           main] org.hibernate.orm.deprecation            : HHH90000025: H2Dialect does not need to be specified explicitly using 'hibernate.dialect' (remove the property setting and it will be selected by default)
2026-08-17T22:31:19.804+02:00  INFO 18396 --- [           main] o.h.e.t.j.p.i.JtaPlatformInitiator       : HHH000489: No JTA platform available (set 'hibernate.transaction.jta.platform' to enable JTA platform integration)
Hibernate: drop table if exists disputes cascade 
Hibernate: drop table if exists escrow_accounts cascade 
Hibernate: drop table if exists transactions cascade 
Hibernate: drop table if exists users cascade 
Hibernate: create table disputes (filed_at timestamp(6) with time zone not null, id bigint generated by default as identity, raised_by_id bigint not null, resolved_at timestamp(6) with time zone, transaction_id bigint not null unique, reason varchar(1000) not null, resolution varchar(255) check (resolution in ('RELEASE','REFUND')), status varchar(255) not null check (status in ('OPEN','IN_PROGRESS','RESOLVED')), primary key (id))
Hibernate: create table escrow_accounts (locked_amount numeric(15,2) not null, id bigint generated by default as identity, transaction_id bigint not null unique, status varchar(255) not null check (status in ('LOCKED','RELEASED')), primary key (id))
Hibernate: create table transactions (amount numeric(15,2) not null, arbitrator_id bigint, buyer_id bigint not null, created_at timestamp(6) with time zone not null, deadline timestamp(6) with time zone not null, id bigint generated by default as identity, seller_id bigint not null, status varchar(255) not null check (status in ('PENDING','FUNDED','COMPLETED','REFUNDED','DISPUTED')), primary key (id))
Hibernate: create table users (balance numeric(15,2) not null, id bigint generated by default as identity, name varchar(100) not null, role varchar(255) not null check (role in ('BUYER','SELLER','ARBITRATOR')), primary key (id))
Hibernate: alter table if exists disputes add constraint FK1pav2pp6m97iorgixpshx612k foreign key (raised_by_id) references users
Hibernate: alter table if exists disputes add constraint FKqrmkcxv1ndg8mea82b7h40ejk foreign key (transaction_id) references transactions
Hibernate: alter table if exists escrow_accounts add constraint FKrmbr7qq7d3pn2aj7qeb0b08eg foreign key (transaction_id) references transactions
Hibernate: alter table if exists transactions add constraint FKaupgabb4gs1b4owyhru9cv4mm foreign key (arbitrator_id) references users
Hibernate: alter table if exists transactions add constraint FKijk7ii2fvalv59schbb3e0bof foreign key (buyer_id) references users
Hibernate: alter table if exists transactions add constraint FK50i2jege2ukupf1ynv0dq6eax foreign key (seller_id) references users
2026-08-17T22:31:19.821+02:00  INFO 18396 --- [           main] j.LocalContainerEntityManagerFactoryBean : Initialized JPA EntityManagerFactory for persistence unit 'default'
2026-08-17T22:31:19.869+02:00  INFO 18396 --- [           main] c.e.r.RepositoryIntegrationTest          : Started RepositoryIntegrationTest in 0.411 seconds (process running for 12.972)
Hibernate: insert into users (balance,name,role,id) values (?,?,?,default)
Hibernate: insert into users (balance,name,role,id) values (?,?,?,default)
Hibernate: insert into users (balance,name,role,id) values (?,?,?,default)
Hibernate: insert into users (balance,name,role,id) values (?,?,?,default)
Hibernate: insert into transactions (amount,arbitrator_id,buyer_id,created_at,deadline,seller_id,status,id) values (?,?,?,?,?,?,?,default)
Hibernate: insert into transactions (amount,arbitrator_id,buyer_id,created_at,deadline,seller_id,status,id) values (?,?,?,?,?,?,?,default)
Hibernate: insert into users (balance,name,role,id) values (?,?,?,default)
Hibernate: insert into transactions (amount,arbitrator_id,buyer_id,created_at,deadline,seller_id,status,id) values (?,?,?,?,?,?,?,default)
Hibernate: select t1_0.id,t1_0.amount,t1_0.arbitrator_id,t1_0.buyer_id,t1_0.created_at,t1_0.deadline,t1_0.seller_id,t1_0.status from transactions t1_0 join users b1_0 on b1_0.id=t1_0.buyer_id join users s1_0 on s1_0.id=t1_0.seller_id left join users a1_0 on a1_0.id=t1_0.arbitrator_id where b1_0.id=? or s1_0.id=? or a1_0.id=?
Hibernate: select t1_0.id,t1_0.amount,t1_0.arbitrator_id,t1_0.buyer_id,t1_0.created_at,t1_0.deadline,t1_0.seller_id,t1_0.status from transactions t1_0 join users b1_0 on b1_0.id=t1_0.buyer_id join users s1_0 on s1_0.id=t1_0.seller_id left join users a1_0 on a1_0.id=t1_0.arbitrator_id where b1_0.id=? or s1_0.id=? or a1_0.id=?
Hibernate: select t1_0.id,t1_0.amount,t1_0.arbitrator_id,t1_0.buyer_id,t1_0.created_at,t1_0.deadline,t1_0.seller_id,t1_0.status from transactions t1_0 join users b1_0 on b1_0.id=t1_0.buyer_id join users s1_0 on s1_0.id=t1_0.seller_id left join users a1_0 on a1_0.id=t1_0.arbitrator_id where b1_0.id=? or s1_0.id=? or a1_0.id=?
Hibernate: select t1_0.id,t1_0.amount,t1_0.arbitrator_id,t1_0.buyer_id,t1_0.created_at,t1_0.deadline,t1_0.seller_id,t1_0.status from transactions t1_0 join users b1_0 on b1_0.id=t1_0.buyer_id join users s1_0 on s1_0.id=t1_0.seller_id left join users a1_0 on a1_0.id=t1_0.arbitrator_id where b1_0.id=? or s1_0.id=? or a1_0.id=?
]]></system-out>
  </testcase>
  <testcase name="findByStatusAndDeadlineBefore_returnsOnlyFundedOverdue" classname="com.escrow.repository.RepositoryIntegrationTest" time="0.012">
    <system-out><![CDATA[Hibernate: insert into users (balance,name,role,id) values (?,?,?,default)
Hibernate: insert into users (balance,name,role,id) values (?,?,?,default)
Hibernate: insert into transactions (amount,arbitrator_id,buyer_id,created_at,deadline,seller_id,status,id) values (?,?,?,?,?,?,?,default)
Hibernate: insert into transactions (amount,arbitrator_id,buyer_id,created_at,deadline,seller_id,status,id) values (?,?,?,?,?,?,?,default)
Hibernate: insert into transactions (amount,arbitrator_id,buyer_id,created_at,deadline,seller_id,status,id) values (?,?,?,?,?,?,?,default)
Hibernate: insert into transactions (amount,arbitrator_id,buyer_id,created_at,deadline,seller_id,status,id) values (?,?,?,?,?,?,?,default)
Hibernate: select t1_0.id,t1_0.amount,t1_0.arbitrator_id,t1_0.buyer_id,t1_0.created_at,t1_0.deadline,t1_0.seller_id,t1_0.status from transactions t1_0 where t1_0.status=? and t1_0.deadline<?
]]></system-out>
  </testcase>
  <testcase name="existsByTransactionIdAndStatusIn_returnsCorrectly" classname="com.escrow.repository.RepositoryIntegrationTest" time="0.03">
    <system-out><![CDATA[Hibernate: insert into users (balance,name,role,id) values (?,?,?,default)
Hibernate: insert into users (balance,name,role,id) values (?,?,?,default)
Hibernate: insert into transactions (amount,arbitrator_id,buyer_id,created_at,deadline,seller_id,status,id) values (?,?,?,?,?,?,?,default)
Hibernate: insert into disputes (filed_at,raised_by_id,reason,resolution,resolved_at,status,transaction_id,id) values (?,?,?,?,?,?,?,default)
Hibernate: select d1_0.id from disputes d1_0 join transactions t1_0 on t1_0.id=d1_0.transaction_id where t1_0.id=? and d1_0.status in (?,?) fetch first ? rows only
Hibernate: select d1_0.id from disputes d1_0 join transactions t1_0 on t1_0.id=d1_0.transaction_id where t1_0.id=? and d1_0.status in (?) fetch first ? rows only
]]></system-out>
  </testcase>
  <testcase name="findByTransactionId_returnsEscrowForTransaction" classname="com.escrow.repository.RepositoryIntegrationTest" time="0.006">
    <system-out><![CDATA[Hibernate: insert into users (balance,name,role,id) values (?,?,?,default)
Hibernate: insert into users (balance,name,role,id) values (?,?,?,default)
Hibernate: insert into transactions (amount,arbitrator_id,buyer_id,created_at,deadline,seller_id,status,id) values (?,?,?,?,?,?,?,default)
Hibernate: insert into escrow_accounts (locked_amount,status,transaction_id,id) values (?,?,?,default)
Hibernate: select ea1_0.id,ea1_0.locked_amount,ea1_0.status,ea1_0.transaction_id from escrow_accounts ea1_0 join transactions t1_0 on t1_0.id=ea1_0.transaction_id where t1_0.id=?
]]></system-out>
  </testcase>
</testsuite>